  [1m[35m (2.1ms)[0m  [1m[34mSELECT sqlite_version(*)[0m
  [1m[35m (1.5ms)[0m  [1m[35mCREATE TABLE "schema_migrations" ("version" varchar NOT NULL PRIMARY KEY)[0m
  [1m[35m (0.4ms)[0m  [1m[35mCREATE TABLE "ar_internal_metadata" ("key" varchar NOT NULL PRIMARY KEY, "value" varchar, "created_at" datetime(6) NOT NULL, "updated_at" datetime(6) NOT NULL)[0m
  [1m[35m (0.0ms)[0m  [1m[34mSELECT "schema_migrations"."version" FROM "schema_migrations" ORDER BY "schema_migrations"."version" ASC[0m
Migrating to CreatePosts (20240913201100)
  [1m[36mTRANSACTION (0.0ms)[0m  [1m[36mbegin transaction[0m
  [1m[35m (0.2ms)[0m  [1m[35mCREATE TABLE "posts" ("id" integer PRIMARY KEY AUTOINCREMENT NOT NULL, "created_at" datetime(6) NOT NULL, "updated_at" datetime(6) NOT NULL)[0m
  [1m[36mActiveRecord::SchemaMigration Create (0.0ms)[0m  [1m[32mINSERT INTO "schema_migrations" ("version") VALUES (?)[0m  [["version", "20240913201100"]]
  [1m[36mTRANSACTION (0.2ms)[0m  [1m[36mcommit transaction[0m
Migrating to CreateUsers (20240913201155)
  [1m[36mTRANSACTION (0.0ms)[0m  [1m[36mbegin transaction[0m
  [1m[35m (0.1ms)[0m  [1m[35mCREATE TABLE "users" ("id" integer PRIMARY KEY AUTOINCREMENT NOT NULL, "created_at" datetime(6) NOT NULL, "updated_at" datetime(6) NOT NULL)[0m
  [1m[36mActiveRecord::SchemaMigration Create (0.0ms)[0m  [1m[32mINSERT INTO "schema_migrations" ("version") VALUES (?)[0m  [["version", "20240913201155"]]
  [1m[36mTRANSACTION (0.2ms)[0m  [1m[36mcommit transaction[0m
  [1m[36mActiveRecord::InternalMetadata Load (0.0ms)[0m  [1m[34mSELECT "ar_internal_metadata".* FROM "ar_internal_metadata" WHERE "ar_internal_metadata"."key" = ? LIMIT ?[0m  [["key", "environment"], ["LIMIT", 1]]
  [1m[36mTRANSACTION (0.0ms)[0m  [1m[36mbegin transaction[0m
  [1m[36mActiveRecord::InternalMetadata Create (0.1ms)[0m  [1m[32mINSERT INTO "ar_internal_metadata" ("key", "value", "created_at", "updated_at") VALUES (?, ?, ?, ?)[0m  [["key", "environment"], ["value", "development"], ["created_at", "2024-09-14 01:06:10.958297"], ["updated_at", "2024-09-14 01:06:10.958297"]]
  [1m[36mTRANSACTION (0.2ms)[0m  [1m[36mcommit transaction[0m
  [1m[35m (0.0ms)[0m  [1m[34mSELECT sqlite_version(*)[0m
  [1m[35m (0.0ms)[0m  [1m[34mSELECT "schema_migrations"."version" FROM "schema_migrations" ORDER BY "schema_migrations"."version" ASC[0m
  [1m[35m (0.3ms)[0m  [1m[34mSELECT sqlite_version(*)[0m
  [1m[35m (0.0ms)[0m  [1m[34mSELECT "schema_migrations"."version" FROM "schema_migrations" ORDER BY "schema_migrations"."version" ASC[0m
Started GET "/" for 127.0.0.1 at 2024-09-18 10:51:45 -1000
  [1m[35m (1.2ms)[0m  [1m[34mSELECT sqlite_version(*)[0m
  [1m[35m (0.1ms)[0m  [1m[34mSELECT "schema_migrations"."version" FROM "schema_migrations" ORDER BY "schema_migrations"."version" ASC[0m
Processing by Rails::WelcomeController#index as HTML
  Rendering /Users/alvinwu/.rbenv/versions/3.1.2/lib/ruby/gems/3.1.0/gems/railties-6.1.7.8/lib/rails/templates/rails/welcome/index.html.erb
  Rendered /Users/alvinwu/.rbenv/versions/3.1.2/lib/ruby/gems/3.1.0/gems/railties-6.1.7.8/lib/rails/templates/rails/welcome/index.html.erb (Duration: 7.5ms | Allocations: 1571)
Completed 200 OK in 46ms (Views: 13.8ms | ActiveRecord: 0.0ms | Allocations: 7033)


Started GET "/" for 127.0.0.1 at 2024-09-18 10:51:48 -1000
Processing by Rails::WelcomeController#index as HTML
  Rendering /Users/alvinwu/.rbenv/versions/3.1.2/lib/ruby/gems/3.1.0/gems/railties-6.1.7.8/lib/rails/templates/rails/welcome/index.html.erb
  Rendered /Users/alvinwu/.rbenv/versions/3.1.2/lib/ruby/gems/3.1.0/gems/railties-6.1.7.8/lib/rails/templates/rails/welcome/index.html.erb (Duration: 11.2ms | Allocations: 269)
Completed 200 OK in 14ms (Views: 12.9ms | ActiveRecord: 0.0ms | Allocations: 1029)


  [1m[35m (1.1ms)[0m  [1m[34mSELECT sqlite_version(*)[0m
  [1m[35m (0.1ms)[0m  [1m[34mSELECT "schema_migrations"."version" FROM "schema_migrations" ORDER BY "schema_migrations"."version" ASC[0m
  [1m[36mActiveRecord::InternalMetadata Load (0.3ms)[0m  [1m[34mSELECT "ar_internal_metadata".* FROM "ar_internal_metadata" WHERE "ar_internal_metadata"."key" = ? LIMIT ?[0m  [["key", "environment"], ["LIMIT", 1]]
  [1m[35m (0.0ms)[0m  [1m[34mSELECT sqlite_version(*)[0m
  [1m[35m (0.0ms)[0m  [1m[34mSELECT "schema_migrations"."version" FROM "schema_migrations" ORDER BY "schema_migrations"."version" ASC[0m
Started GET "/" for 127.0.0.1 at 2024-09-18 10:58:28 -1000
  [1m[35m (1.7ms)[0m  [1m[34mSELECT sqlite_version(*)[0m
  [1m[35m (0.3ms)[0m  [1m[34mSELECT "schema_migrations"."version" FROM "schema_migrations" ORDER BY "schema_migrations"."version" ASC[0m
Processing by Rails::WelcomeController#index as HTML
  Rendering /Users/alvinwu/.rbenv/versions/3.1.2/lib/ruby/gems/3.1.0/gems/railties-6.1.7.8/lib/rails/templates/rails/welcome/index.html.erb
  Rendered /Users/alvinwu/.rbenv/versions/3.1.2/lib/ruby/gems/3.1.0/gems/railties-6.1.7.8/lib/rails/templates/rails/welcome/index.html.erb (Duration: 3.0ms | Allocations: 474)
Completed 200 OK in 6ms (Views: 3.9ms | ActiveRecord: 0.0ms | Allocations: 3055)


  [1m[35m (2.1ms)[0m  [1m[34mSELECT sqlite_version(*)[0m
  [1m[35m (0.2ms)[0m  [1m[34mSELECT "schema_migrations"."version" FROM "schema_migrations" ORDER BY "schema_migrations"."version" ASC[0m
  [1m[36mActiveRecord::InternalMetadata Load (0.4ms)[0m  [1m[34mSELECT "ar_internal_metadata".* FROM "ar_internal_metadata" WHERE "ar_internal_metadata"."key" = ? LIMIT ?[0m  [["key", "environment"], ["LIMIT", 1]]
  [1m[35m (0.0ms)[0m  [1m[34mSELECT sqlite_version(*)[0m
  [1m[35m (0.1ms)[0m  [1m[34mSELECT "schema_migrations"."version" FROM "schema_migrations" ORDER BY "schema_migrations"."version" ASC[0m
  [1m[35m (1.5ms)[0m  [1m[34mSELECT sqlite_version(*)[0m
Started GET "/" for 127.0.0.1 at 2024-09-20 09:34:21 -1000
  [1m[35m (0.4ms)[0m  [1m[34mSELECT sqlite_version(*)[0m
  [1m[35m (0.1ms)[0m  [1m[34mSELECT "schema_migrations"."version" FROM "schema_migrations" ORDER BY "schema_migrations"."version" ASC[0m
Processing by Rails::WelcomeController#index as HTML
  Rendering /Users/alvinwu/.rbenv/versions/3.1.2/lib/ruby/gems/3.1.0/gems/railties-6.1.7.8/lib/rails/templates/rails/welcome/index.html.erb
  Rendered /Users/alvinwu/.rbenv/versions/3.1.2/lib/ruby/gems/3.1.0/gems/railties-6.1.7.8/lib/rails/templates/rails/welcome/index.html.erb (Duration: 4.0ms | Allocations: 474)
Completed 200 OK in 8ms (Views: 5.1ms | ActiveRecord: 0.0ms | Allocations: 3055)


Started GET "/" for 127.0.0.1 at 2024-09-20 09:48:55 -1000
Processing by Rails::WelcomeController#index as HTML
  Rendering /Users/alvinwu/.rbenv/versions/3.1.2/lib/ruby/gems/3.1.0/gems/railties-6.1.7.8/lib/rails/templates/rails/welcome/index.html.erb
  Rendered /Users/alvinwu/.rbenv/versions/3.1.2/lib/ruby/gems/3.1.0/gems/railties-6.1.7.8/lib/rails/templates/rails/welcome/index.html.erb (Duration: 16.1ms | Allocations: 269)
Completed 200 OK in 74ms (Views: 52.9ms | Allocations: 1042)


Started GET "/posts" for ::1 at 2024-09-20 10:49:27 -1000
  [1m[35m (1.5ms)[0m  [1m[34mSELECT sqlite_version(*)[0m
  [1m[35m (0.2ms)[0m  [1m[34mSELECT "schema_migrations"."version" FROM "schema_migrations" ORDER BY "schema_migrations"."version" ASC[0m
  
ActionController::RoutingError (No route matches [GET] "/posts"):
  
Started GET "/" for ::1 at 2024-09-20 10:49:41 -1000
  
ActionController::RoutingError (uninitialized constant StaticPagesController

        Object.const_get(camel_cased_word)
              ^^^^^^^^^^

            raise MissingController.new(error.message, error.name)
            ^^^^^):
  
Started GET "/" for 127.0.0.1 at 2024-09-21 08:01:20 -1000
  [1m[35m (1.2ms)[0m  [1m[34mSELECT sqlite_version(*)[0m
  [1m[35m (0.1ms)[0m  [1m[34mSELECT "schema_migrations"."version" FROM "schema_migrations" ORDER BY "schema_migrations"."version" ASC[0m
  
ActionController::RoutingError (uninitialized constant StaticPagesController

        Object.const_get(camel_cased_word)
              ^^^^^^^^^^

            raise MissingController.new(error.message, error.name)
            ^^^^^):
  
Started GET "/" for 127.0.0.1 at 2024-09-21 08:36:50 -1000
  [1m[35m (1.5ms)[0m  [1m[34mSELECT sqlite_version(*)[0m
  [1m[35m (0.1ms)[0m  [1m[34mSELECT "schema_migrations"."version" FROM "schema_migrations" ORDER BY "schema_migrations"."version" ASC[0m
  
ActionController::RoutingError (uninitialized constant StaticPagesController

        Object.const_get(camel_cased_word)
              ^^^^^^^^^^

            raise MissingController.new(error.message, error.name)
            ^^^^^):
  
  [1m[35m (0.3ms)[0m  [1m[34mSELECT sqlite_version(*)[0m
  [1m[35m (0.0ms)[0m  [1m[34mSELECT "schema_migrations"."version" FROM "schema_migrations" ORDER BY "schema_migrations"."version" ASC[0m
  [1m[36mActiveRecord::InternalMetadata Load (0.2ms)[0m  [1m[34mSELECT "ar_internal_metadata".* FROM "ar_internal_metadata" WHERE "ar_internal_metadata"."key" = ? LIMIT ?[0m  [["key", "environment"], ["LIMIT", 1]]
  [1m[35m (0.0ms)[0m  [1m[34mSELECT sqlite_version(*)[0m
  [1m[35m (0.0ms)[0m  [1m[34mSELECT "schema_migrations"."version" FROM "schema_migrations" ORDER BY "schema_migrations"."version" ASC[0m
  [1m[35m (0.3ms)[0m  [1m[34mSELECT sqlite_version(*)[0m
  [1m[35m (0.1ms)[0m  [1m[34mSELECT "schema_migrations"."version" FROM "schema_migrations" ORDER BY "schema_migrations"."version" ASC[0m
Started GET "/" for 127.0.0.1 at 2024-09-21 19:28:17 -1000
  [1m[35m (1.6ms)[0m  [1m[34mSELECT sqlite_version(*)[0m
  [1m[35m (0.1ms)[0m  [1m[34mSELECT "schema_migrations"."version" FROM "schema_migrations" ORDER BY "schema_migrations"."version" ASC[0m
  
AbstractController::ActionNotFound (The action 'index' could not be found for StaticPagesController):
  
actionpack (6.1.7.8) lib/abstract_controller/base.rb:160:in `process'
actionview (6.1.7.8) lib/action_view/rendering.rb:39:in `process'
actionpack (6.1.7.8) lib/action_controller/metal.rb:190:in `dispatch'
actionpack (6.1.7.8) lib/action_controller/metal.rb:254:in `dispatch'
actionpack (6.1.7.8) lib/action_dispatch/routing/route_set.rb:50:in `dispatch'
actionpack (6.1.7.8) lib/action_dispatch/routing/route_set.rb:33:in `serve'
actionpack (6.1.7.8) lib/action_dispatch/journey/router.rb:50:in `block in serve'
actionpack (6.1.7.8) lib/action_dispatch/journey/router.rb:32:in `each'
actionpack (6.1.7.8) lib/action_dispatch/journey/router.rb:32:in `serve'
actionpack (6.1.7.8) lib/action_dispatch/routing/route_set.rb:842:in `call'
rack (2.2.9) lib/rack/tempfile_reaper.rb:15:in `call'
rack (2.2.9) lib/rack/etag.rb:27:in `call'
rack (2.2.9) lib/rack/conditional_get.rb:27:in `call'
rack (2.2.9) lib/rack/head.rb:12:in `call'
actionpack (6.1.7.8) lib/action_dispatch/http/permissions_policy.rb:22:in `call'
actionpack (6.1.7.8) lib/action_dispatch/http/content_security_policy.rb:19:in `call'
rack (2.2.9) lib/rack/session/abstract/id.rb:266:in `context'
rack (2.2.9) lib/rack/session/abstract/id.rb:260:in `call'
actionpack (6.1.7.8) lib/action_dispatch/middleware/cookies.rb:697:in `call'
activerecord (6.1.7.8) lib/active_record/migration.rb:601:in `call'
actionpack (6.1.7.8) lib/action_dispatch/middleware/callbacks.rb:27:in `block in call'
activesupport (6.1.7.8) lib/active_support/callbacks.rb:98:in `run_callbacks'
actionpack (6.1.7.8) lib/action_dispatch/middleware/callbacks.rb:26:in `call'
actionpack (6.1.7.8) lib/action_dispatch/middleware/executor.rb:14:in `call'
actionpack (6.1.7.8) lib/action_dispatch/middleware/actionable_exceptions.rb:18:in `call'
actionpack (6.1.7.8) lib/action_dispatch/middleware/debug_exceptions.rb:29:in `call'
web-console (4.2.1) lib/web_console/middleware.rb:132:in `call_app'
web-console (4.2.1) lib/web_console/middleware.rb:28:in `block in call'
web-console (4.2.1) lib/web_console/middleware.rb:17:in `catch'
web-console (4.2.1) lib/web_console/middleware.rb:17:in `call'
actionpack (6.1.7.8) lib/action_dispatch/middleware/show_exceptions.rb:33:in `call'
railties (6.1.7.8) lib/rails/rack/logger.rb:37:in `call_app'
railties (6.1.7.8) lib/rails/rack/logger.rb:26:in `block in call'
activesupport (6.1.7.8) lib/active_support/tagged_logging.rb:99:in `block in tagged'
activesupport (6.1.7.8) lib/active_support/tagged_logging.rb:37:in `tagged'
activesupport (6.1.7.8) lib/active_support/tagged_logging.rb:99:in `tagged'
railties (6.1.7.8) lib/rails/rack/logger.rb:26:in `call'
sprockets-rails (3.5.2) lib/sprockets/rails/quiet_assets.rb:17:in `call'
actionpack (6.1.7.8) lib/action_dispatch/middleware/remote_ip.rb:81:in `call'
actionpack (6.1.7.8) lib/action_dispatch/middleware/request_id.rb:26:in `call'
rack (2.2.9) lib/rack/method_override.rb:24:in `call'
rack (2.2.9) lib/rack/runtime.rb:22:in `call'
activesupport (6.1.7.8) lib/active_support/cache/strategy/local_cache_middleware.rb:29:in `call'
actionpack (6.1.7.8) lib/action_dispatch/middleware/executor.rb:14:in `call'
actionpack (6.1.7.8) lib/action_dispatch/middleware/static.rb:24:in `call'
rack (2.2.9) lib/rack/sendfile.rb:110:in `call'
actionpack (6.1.7.8) lib/action_dispatch/middleware/host_authorization.rb:148:in `call'
rack-mini-profiler (2.3.4) lib/mini_profiler/profiler.rb:393:in `call'
railties (6.1.7.8) lib/rails/engine.rb:539:in `call'
puma (5.6.8) lib/puma/configuration.rb:252:in `call'
puma (5.6.8) lib/puma/request.rb:77:in `block in handle_request'
puma (5.6.8) lib/puma/thread_pool.rb:340:in `with_force_shutdown'
puma (5.6.8) lib/puma/request.rb:76:in `handle_request'
puma (5.6.8) lib/puma/server.rb:443:in `process_client'
puma (5.6.8) lib/puma/thread_pool.rb:147:in `block in spawn_thread'
Started GET "/" for 127.0.0.1 at 2024-09-23 10:48:51 -1000
  [1m[35m (1.6ms)[0m  [1m[34mSELECT sqlite_version(*)[0m
  [1m[35m (0.3ms)[0m  [1m[34mSELECT "schema_migrations"."version" FROM "schema_migrations" ORDER BY "schema_migrations"."version" ASC[0m
Processing by StaticPagesController#index as HTML
Completed 500 Internal Server Error in 3ms (ActiveRecord: 0.0ms | Allocations: 3125)


  
ActionView::MissingTemplate (Missing template static_pages/index, application/index with {:locale=>[:en], :formats=>[:html], :variants=>[], :handlers=>[:raw, :erb, :html, :builder, :ruby, :jbuilder]}. Searched in:
  * "/Users/alvinwu/Documents/GitHub/testapp/app_name/app/views"
  * "/Users/alvinwu/.rbenv/versions/3.1.2/lib/ruby/gems/3.1.0/gems/actiontext-6.1.7.8/app/views"
  * "/Users/alvinwu/.rbenv/versions/3.1.2/lib/ruby/gems/3.1.0/gems/actionmailbox-6.1.7.8/app/views"
):
  
app/controllers/static_pages_controller.rb:3:in `index'
Started GET "/" for 127.0.0.1 at 2024-09-23 10:50:56 -1000
Processing by StaticPagesController#index as HTML
  Rendering layout layouts/application.html.erb
  Rendering static_pages/index.html.erb within layouts/application
  Rendered static_pages/index.html.erb within layouts/application (Duration: 0.4ms | Allocations: 146)
  Rendered layout layouts/application.html.erb (Duration: 50.8ms | Allocations: 21521)
Completed 200 OK in 58ms (Views: 56.5ms | ActiveRecord: 0.0ms | Allocations: 22750)


Started GET "/books" for ::1 at 2024-09-24 11:57:28 -1000
  [1m[35m (1.6ms)[0m  [1m[34mSELECT sqlite_version(*)[0m
  [1m[35m (0.2ms)[0m  [1m[34mSELECT "schema_migrations"."version" FROM "schema_migrations" ORDER BY "schema_migrations"."version" ASC[0m
  
ActionController::RoutingError (No route matches [GET] "/books"):
  
Started GET "/user" for ::1 at 2024-09-24 11:57:33 -1000
  
ActionController::RoutingError (No route matches [GET] "/user"):
  
Started GET "/POST" for ::1 at 2024-09-24 11:57:39 -1000
  
ActionController::RoutingError (No route matches [GET] "/POST"):
  
Started GET "/" for ::1 at 2024-09-24 11:58:34 -1000
Processing by StaticPagesController#index as HTML
  Rendering layout layouts/application.html.erb
  Rendering static_pages/index.html.erb within layouts/application
  Rendered static_pages/index.html.erb within layouts/application (Duration: 0.7ms | Allocations: 146)
  Rendered layout layouts/application.html.erb (Duration: 25.5ms | Allocations: 4994)
Completed 200 OK in 35ms (Views: 28.7ms | ActiveRecord: 0.0ms | Allocations: 7306)


Started GET "/" for ::1 at 2024-09-24 11:59:00 -1000
Processing by StaticPagesController#index as HTML
  Rendering layout layouts/application.html.erb
  Rendering static_pages/index.html.erb within layouts/application
  Rendered static_pages/index.html.erb within layouts/application (Duration: 0.3ms | Allocations: 159)
  Rendered layout layouts/application.html.erb (Duration: 3.2ms | Allocations: 2209)
Completed 200 OK in 5ms (Views: 5.1ms | ActiveRecord: 0.0ms | Allocations: 3373)


Started GET "/" for ::1 at 2024-09-24 11:59:28 -1000
Processing by StaticPagesController#index as HTML
  Rendering layout layouts/application.html.erb
  Rendering static_pages/index.html.erb within layouts/application
  Rendered static_pages/index.html.erb within layouts/application (Duration: 2.4ms | Allocations: 1153)
  Rendered layout layouts/application.html.erb (Duration: 2.6ms | Allocations: 1237)
Completed 500 Internal Server Error in 10ms (ActiveRecord: 0.0ms | Allocations: 2378)


  
ActionView::SyntaxErrorInTemplate (Encountered a syntax error while rendering template: check Hello World!
# input post and user
<%= form_for @post do |f| %>
  <%= f.text_field :content %>
  <%= f.submit "Post" %>
):
1:    Hello World!
2:    # input post and user
3:    <%= form_for @post do |f| %>
4:      <%= f.text_field :content %>
5:      <%= f.submit "Post" %>
  
app/views/static_pages/index.html.erb:7: syntax error, unexpected end-of-input, expecting `end'
app/views/static_pages/index.html.erb:7: syntax error, unexpected end-of-input, expecting `end'
app/views/static_pages/index.html.erb:7: syntax error, unexpected end-of-input, expecting `end'
app/views/static_pages/index.html.erb:7: syntax error, unexpected end-of-input, expecting `end'
app/controllers/static_pages_controller.rb:3:in `index'
Started GET "/" for ::1 at 2024-09-24 11:59:44 -1000
Processing by StaticPagesController#index as HTML
  Rendering layout layouts/application.html.erb
  Rendering static_pages/index.html.erb within layouts/application
  Rendered static_pages/index.html.erb within layouts/application (Duration: 2.0ms | Allocations: 1146)
  Rendered layout layouts/application.html.erb (Duration: 2.1ms | Allocations: 1228)
Completed 500 Internal Server Error in 10ms (ActiveRecord: 0.0ms | Allocations: 2351)


  
ActionView::Template::Error (First argument in form cannot contain nil or be empty):
    1: Hello World!
    2: 
    3: # input post and user
    4: <%= form_for @post do |f| %>
    5:   <%= f.text_field :content %>
    6:   <%= f.submit "Post" %>
    7: <% end %>
  
app/views/static_pages/index.html.erb:4
app/controllers/static_pages_controller.rb:3:in `index'
Started GET "/" for ::1 at 2024-09-24 12:00:23 -1000
Processing by StaticPagesController#index as HTML
  Rendering layout layouts/application.html.erb
  Rendering static_pages/index.html.erb within layouts/application
  Rendered static_pages/index.html.erb within layouts/application (Duration: 0.5ms | Allocations: 150)
  Rendered layout layouts/application.html.erb (Duration: 4.3ms | Allocations: 2166)
Completed 200 OK in 9ms (Views: 8.5ms | ActiveRecord: 0.0ms | Allocations: 3326)


Started GET "/" for ::1 at 2024-09-24 12:00:39 -1000
Processing by StaticPagesController#index as HTML
  Rendering layout layouts/application.html.erb
  Rendering static_pages/index.html.erb within layouts/application
  Rendered static_pages/index.html.erb within layouts/application (Duration: 2.3ms | Allocations: 151)
  Rendered layout layouts/application.html.erb (Duration: 7.5ms | Allocations: 2154)
Completed 200 OK in 12ms (Views: 11.4ms | ActiveRecord: 0.0ms | Allocations: 3309)


Started GET "/" for ::1 at 2024-09-24 12:02:53 -1000
Processing by StaticPagesController#index as HTML
  Rendering layout layouts/application.html.erb
  Rendering static_pages/index.html.erb within layouts/application
  Rendered static_pages/index.html.erb within layouts/application (Duration: 0.3ms | Allocations: 147)
  Rendered layout layouts/application.html.erb (Duration: 9.0ms | Allocations: 2162)
Completed 200 OK in 11ms (Views: 10.8ms | Allocations: 3388)


Started GET "/post" for ::1 at 2024-09-24 12:03:09 -1000
  
ActionController::RoutingError (No route matches [GET] "/post"):
  
Started GET "/posts" for ::1 at 2024-09-24 12:03:15 -1000
  
ActionController::RoutingError (No route matches [GET] "/posts"):
  
Started GET "/posts" for ::1 at 2024-09-24 12:05:36 -1000
  
ActionController::RoutingError (No route matches [GET] "/posts"):
  
Started GET "/posts" for ::1 at 2024-09-24 12:07:17 -1000
  
ActionController::RoutingError (No route matches [GET] "/posts"):
  
  [1m[35m (1.9ms)[0m  [1m[34mSELECT sqlite_version(*)[0m
  [1m[35m (0.4ms)[0m  [1m[34mSELECT "schema_migrations"."version" FROM "schema_migrations" ORDER BY "schema_migrations"."version" ASC[0m
  [1m[36mActiveRecord::InternalMetadata Load (0.3ms)[0m  [1m[34mSELECT "ar_internal_metadata".* FROM "ar_internal_metadata" WHERE "ar_internal_metadata"."key" = ? LIMIT ?[0m  [["key", "environment"], ["LIMIT", 1]]
  [1m[35m (0.0ms)[0m  [1m[34mSELECT sqlite_version(*)[0m
  [1m[35m (0.0ms)[0m  [1m[34mSELECT "schema_migrations"."version" FROM "schema_migrations" ORDER BY "schema_migrations"."version" ASC[0m
Started GET "/posts" for ::1 at 2024-09-30 10:39:02 -1000
  [1m[35m (1.6ms)[0m  [1m[34mSELECT sqlite_version(*)[0m
  [1m[35m (0.1ms)[0m  [1m[34mSELECT "schema_migrations"."version" FROM "schema_migrations" ORDER BY "schema_migrations"."version" ASC[0m
  
ActionController::RoutingError (No route matches [GET] "/posts"):
  
Started GET "/" for ::1 at 2024-09-30 10:40:29 -1000
Processing by StaticPagesController#index as HTML
  Rendering layout layouts/application.html.erb
  Rendering static_pages/index.html.erb within layouts/application
  Rendered static_pages/index.html.erb within layouts/application (Duration: 1.9ms | Allocations: 149)
  Rendered layout layouts/application.html.erb (Duration: 18.7ms | Allocations: 5028)
Completed 200 OK in 35ms (Views: 26.5ms | ActiveRecord: 0.0ms | Allocations: 7339)


Started GET "/" for ::1 at 2024-09-30 10:45:09 -1000
Processing by StaticPagesController#index as HTML
  Rendering layout layouts/application.html.erb
  Rendering static_pages/index.html.erb within layouts/application
  Rendered static_pages/index.html.erb within layouts/application (Duration: 1.0ms | Allocations: 2185)
  Rendered layout layouts/application.html.erb (Duration: 1.1ms | Allocations: 2267)
Completed 500 Internal Server Error in 2ms (Allocations: 3405)


  
ActionView::Template::Error (undefined method `each' for nil:NilClass):
    1: <h2>Posts Checklist</h2>
    2: <ul>
    3:   <% @posts.each do |post| %>
    4:     <li>
    5:       <%= check_box_tag "post_#{post.id}" %>
    6:       <%= post.content %> (Posted by: <%= post.user.username %>)
  
app/views/static_pages/index.html.erb:3
Started GET "/" for ::1 at 2024-09-30 10:47:14 -1000
Processing by StaticPagesController#index as HTML
  Rendering layout layouts/application.html.erb
  Rendering static_pages/index.html.erb within layouts/application
  Rendered static_pages/index.html.erb within layouts/application (Duration: 0.8ms | Allocations: 1834)
  Rendered layout layouts/application.html.erb (Duration: 0.9ms | Allocations: 1917)
Completed 500 Internal Server Error in 2ms (Allocations: 2470)


  
ActionView::Template::Error (undefined method `each' for nil:NilClass):
    1: <h2>Posts Checklist</h2>
    2: <ul>
    3:   <% @posts.each do |post| %>
    4:     <li>
    5:       <%= check_box_tag "post_#{post.id}" %>
    6:       <%= post.content %> (Posted by: <%= post.user.username %>)
  
app/views/static_pages/index.html.erb:3
Started GET "/" for ::1 at 2024-09-30 10:48:12 -1000
  [1m[35m (1.7ms)[0m  [1m[34mSELECT sqlite_version(*)[0m
  [1m[35m (0.1ms)[0m  [1m[34mSELECT "schema_migrations"."version" FROM "schema_migrations" ORDER BY "schema_migrations"."version" ASC[0m
Processing by StaticPagesController#index as HTML
  Rendering layout layouts/application.html.erb
  Rendering static_pages/index.html.erb within layouts/application
  Rendered static_pages/index.html.erb within layouts/application (Duration: 3.3ms | Allocations: 2603)
  Rendered layout layouts/application.html.erb (Duration: 3.4ms | Allocations: 2706)
Completed 500 Internal Server Error in 7ms (ActiveRecord: 0.0ms | Allocations: 5265)


  
ActionView::Template::Error (undefined method `each' for nil:NilClass):
    1: <h2>Posts Checklist</h2>
    2: <ul>
    3:   <% @posts.each do |post| %>
    4:     <li>
    5:       <%= check_box_tag "post_#{post.id}" %>
    6:       <%= post.content %> (Posted by: <%= post.user.username %>)
  
app/views/static_pages/index.html.erb:3
  [1m[35m (1.7ms)[0m  [1m[34mSELECT sqlite_version(*)[0m
Started GET "/" for ::1 at 2024-09-30 11:01:32 -1000
  [1m[35m (10.0ms)[0m  [1m[34mSELECT sqlite_version(*)[0m
  [1m[35m (0.0ms)[0m  [1m[34mSELECT "schema_migrations"."version" FROM "schema_migrations" ORDER BY "schema_migrations"."version" ASC[0m
Processing by StaticPagesController#index as HTML
  Rendering layout layouts/application.html.erb
  Rendering static_pages/index.html.erb within layouts/application
  Rendered static_pages/index.html.erb within layouts/application (Duration: 0.5ms | Allocations: 336)
  Rendered layout layouts/application.html.erb (Duration: 11.5ms | Allocations: 5422)
Completed 200 OK in 14ms (Views: 12.7ms | ActiveRecord: 0.0ms | Allocations: 8053)


Started GET "/" for ::1 at 2024-09-30 11:01:38 -1000
Processing by StaticPagesController#index as HTML
  Rendering layout layouts/application.html.erb
  Rendering static_pages/index.html.erb within layouts/application
  Rendered static_pages/index.html.erb within layouts/application (Duration: 0.2ms | Allocations: 44)
  Rendered layout layouts/application.html.erb (Duration: 8.9ms | Allocations: 1832)
Completed 200 OK in 11ms (Views: 10.0ms | ActiveRecord: 0.0ms | Allocations: 2165)


Started GET "/" for ::1 at 2024-09-30 11:02:02 -1000
Processing by StaticPagesController#index as HTML
  Rendering layout layouts/application.html.erb
  Rendering static_pages/index.html.erb within layouts/application
  Rendered static_pages/index.html.erb within layouts/application (Duration: 0.6ms | Allocations: 144)
  Rendered layout layouts/application.html.erb (Duration: 6.9ms | Allocations: 2147)
Completed 200 OK in 13ms (Views: 12.0ms | ActiveRecord: 0.0ms | Allocations: 3214)


Started GET "/" for ::1 at 2024-09-30 11:03:08 -1000
Processing by StaticPagesController#index as HTML
  Rendering layout layouts/application.html.erb
  Rendering static_pages/index.html.erb within layouts/application
  Rendered static_pages/index.html.erb within layouts/application (Duration: 1.2ms | Allocations: 305)
  Rendered layout layouts/application.html.erb (Duration: 5.0ms | Allocations: 2319)
Completed 200 OK in 9ms (Views: 8.0ms | ActiveRecord: 0.0ms | Allocations: 3413)


Started GET "/" for ::1 at 2024-09-30 11:05:03 -1000
Processing by StaticPagesController#index as HTML
  Rendering layout layouts/application.html.erb
  Rendering static_pages/index.html.erb within layouts/application
  [1m[35m (0.0ms)[0m  [1m[34mSELECT sqlite_version(*)[0m
  ↳ app/views/static_pages/index.html.erb:3
  [1m[36mPost Load (0.5ms)[0m  [1m[34mSELECT "posts".* FROM "posts"[0m
  ↳ app/views/static_pages/index.html.erb:3
  Rendered static_pages/index.html.erb within layouts/application (Duration: 2.7ms | Allocations: 1953)
  Rendered layout layouts/application.html.erb (Duration: 4.7ms | Allocations: 3975)
Completed 200 OK in 10ms (Views: 5.3ms | ActiveRecord: 0.7ms | Allocations: 6773)


Started GET "/posts" for ::1 at 2024-09-30 11:09:02 -1000
Processing by StaticPagesController#index as HTML
  Rendering layout layouts/application.html.erb
  Rendering static_pages/index.html.erb within layouts/application
  [1m[36mPost Load (3.6ms)[0m  [1m[34mSELECT "posts".* FROM "posts"[0m
  ↳ app/views/static_pages/index.html.erb:3
  Rendered static_pages/index.html.erb within layouts/application (Duration: 7.3ms | Allocations: 717)
  Rendered layout layouts/application.html.erb (Duration: 18.7ms | Allocations: 2329)
Completed 200 OK in 27ms (Views: 15.8ms | ActiveRecord: 3.6ms | Allocations: 2649)


  [1m[35m (0.6ms)[0m  [1m[34mSELECT sqlite_version(*)[0m
  [1m[35m (0.3ms)[0m  [1m[34mSELECT sqlite_version(*)[0m
  [1m[35m (0.3ms)[0m  [1m[34mSELECT "schema_migrations"."version" FROM "schema_migrations" ORDER BY "schema_migrations"."version" ASC[0m
Migrating to AddFieldsToUsers (20241002194225)
  [1m[36mTRANSACTION (0.0ms)[0m  [1m[36mbegin transaction[0m
  [1m[35m (0.8ms)[0m  [1m[35mALTER TABLE "users" ADD "username" varchar[0m
  [1m[35m (0.1ms)[0m  [1m[35mALTER TABLE "users" ADD "email" varchar[0m
  [1m[35m (0.1ms)[0m  [1m[35mALTER TABLE "users" ADD "first_name" varchar[0m
  [1m[35m (0.1ms)[0m  [1m[35mALTER TABLE "users" ADD "last_name" varchar[0m
  [1m[36mActiveRecord::SchemaMigration Create (0.1ms)[0m  [1m[32mINSERT INTO "schema_migrations" ("version") VALUES (?)[0m  [["version", "20241002194225"]]
  [1m[36mTRANSACTION (0.3ms)[0m  [1m[36mcommit transaction[0m
  [1m[36mActiveRecord::InternalMetadata Load (0.2ms)[0m  [1m[34mSELECT "ar_internal_metadata".* FROM "ar_internal_metadata" WHERE "ar_internal_metadata"."key" = ? LIMIT ?[0m  [["key", "environment"], ["LIMIT", 1]]
  [1m[35m (0.0ms)[0m  [1m[34mSELECT sqlite_version(*)[0m
  [1m[35m (0.0ms)[0m  [1m[34mSELECT "schema_migrations"."version" FROM "schema_migrations" ORDER BY "schema_migrations"."version" ASC[0m
  [1m[35m (0.5ms)[0m  [1m[34mSELECT sqlite_version(*)[0m
  [1m[36mTRANSACTION (0.0ms)[0m  [1m[36mbegin transaction[0m
  [1m[36mUser Create (0.5ms)[0m  [1m[32mINSERT INTO "users" ("created_at", "updated_at", "username", "email", "first_name", "last_name") VALUES (?, ?, ?, ?, ?, ?)[0m  [["created_at", "2024-10-02 19:44:11.061240"], ["updated_at", "2024-10-02 19:44:11.061240"], ["username", "wualvin"], ["email", "alvin@gmail.com"], ["first_name", "alvin"], ["last_name", "wu"]]
  [1m[36mTRANSACTION (0.6ms)[0m  [1m[36mcommit transaction[0m
Started GET "/" for ::1 at 2024-10-02 09:45:05 -1000
  [1m[35m (1.7ms)[0m  [1m[34mSELECT sqlite_version(*)[0m
  [1m[35m (0.1ms)[0m  [1m[34mSELECT "schema_migrations"."version" FROM "schema_migrations" ORDER BY "schema_migrations"."version" ASC[0m
Processing by StaticPagesController#index as HTML
  Rendering layout layouts/application.html.erb
  Rendering static_pages/index.html.erb within layouts/application
  [1m[36mPost Load (0.2ms)[0m  [1m[34mSELECT "posts".* FROM "posts"[0m
  ↳ app/views/static_pages/index.html.erb:3
  Rendered static_pages/index.html.erb within layouts/application (Duration: 2.1ms | Allocations: 1385)
  Rendered layout layouts/application.html.erb (Duration: 13.3ms | Allocations: 6451)
Completed 200 OK in 19ms (Views: 14.4ms | ActiveRecord: 0.2ms | Allocations: 10949)


Started GET "/" for ::1 at 2024-10-02 09:45:07 -1000
Processing by StaticPagesController#index as HTML
  Rendering layout layouts/application.html.erb
  Rendering static_pages/index.html.erb within layouts/application
  [1m[36mPost Load (0.3ms)[0m  [1m[34mSELECT "posts".* FROM "posts"[0m
  ↳ app/views/static_pages/index.html.erb:3
  Rendered static_pages/index.html.erb within layouts/application (Duration: 3.9ms | Allocations: 808)
  Rendered layout layouts/application.html.erb (Duration: 8.2ms | Allocations: 2593)
Completed 200 OK in 11ms (Views: 9.0ms | ActiveRecord: 0.3ms | Allocations: 2956)


Started GET "/post" for ::1 at 2024-10-02 09:45:12 -1000
  
ActionController::RoutingError (No route matches [GET] "/post"):
  
Started GET "/" for ::1 at 2024-10-02 09:45:17 -1000
Processing by StaticPagesController#index as HTML
  Rendering layout layouts/application.html.erb
  Rendering static_pages/index.html.erb within layouts/application
  [1m[36mPost Load (0.2ms)[0m  [1m[34mSELECT "posts".* FROM "posts"[0m
  ↳ app/views/static_pages/index.html.erb:3
  Rendered static_pages/index.html.erb within layouts/application (Duration: 3.1ms | Allocations: 792)
  Rendered layout layouts/application.html.erb (Duration: 7.9ms | Allocations: 2582)
Completed 200 OK in 11ms (Views: 9.5ms | ActiveRecord: 0.2ms | Allocations: 2913)


Started GET "/posts" for ::1 at 2024-10-02 09:45:39 -1000
Processing by StaticPagesController#index as HTML
  Rendering layout layouts/application.html.erb
  Rendering static_pages/index.html.erb within layouts/application
  [1m[36mPost Load (0.2ms)[0m  [1m[34mSELECT "posts".* FROM "posts"[0m
  ↳ app/views/static_pages/index.html.erb:3
  Rendered static_pages/index.html.erb within layouts/application (Duration: 3.0ms | Allocations: 716)
  Rendered layout layouts/application.html.erb (Duration: 8.1ms | Allocations: 2328)
Completed 200 OK in 10ms (Views: 8.5ms | ActiveRecord: 0.2ms | Allocations: 2621)


  [1m[35m (2.8ms)[0m  [1m[34mSELECT sqlite_version(*)[0m
  [1m[36mTRANSACTION (0.0ms)[0m  [1m[36mbegin transaction[0m
  [1m[36mUser Create (1.2ms)[0m  [1m[32mINSERT INTO "users" ("created_at", "updated_at", "username", "email", "first_name", "last_name") VALUES (?, ?, ?, ?, ?, ?)[0m  [["created_at", "2024-10-02 19:48:49.042698"], ["updated_at", "2024-10-02 19:48:49.042698"], ["username", "wualvin"], ["email", "alvin@gmail.com"], ["first_name", "alvin"], ["last_name", "wu"]]
  [1m[36mTRANSACTION (0.7ms)[0m  [1m[36mcommit transaction[0m
  [1m[36mUser Load (0.2ms)[0m  [1m[34mSELECT "users".* FROM "users" WHERE "users"."username" = ? LIMIT ?[0m  [["username", "wualvin"], ["LIMIT", 1]]
  [1m[35m (0.3ms)[0m  [1m[34mSELECT sqlite_version(*)[0m
  [1m[35m (0.0ms)[0m  [1m[34mSELECT "schema_migrations"."version" FROM "schema_migrations" ORDER BY "schema_migrations"."version" ASC[0m
Migrating to AddContentToPosts (20241002194951)
  [1m[36mTRANSACTION (0.0ms)[0m  [1m[36mbegin transaction[0m
  [1m[35m (0.2ms)[0m  [1m[35mALTER TABLE "posts" ADD "content" varchar[0m
  [1m[36mActiveRecord::SchemaMigration Create (0.0ms)[0m  [1m[32mINSERT INTO "schema_migrations" ("version") VALUES (?)[0m  [["version", "20241002194951"]]
  [1m[36mTRANSACTION (0.3ms)[0m  [1m[36mcommit transaction[0m
  [1m[36mActiveRecord::InternalMetadata Load (0.2ms)[0m  [1m[34mSELECT "ar_internal_metadata".* FROM "ar_internal_metadata" WHERE "ar_internal_metadata"."key" = ? LIMIT ?[0m  [["key", "environment"], ["LIMIT", 1]]
  [1m[35m (0.0ms)[0m  [1m[34mSELECT sqlite_version(*)[0m
  [1m[35m (0.0ms)[0m  [1m[34mSELECT "schema_migrations"."version" FROM "schema_migrations" ORDER BY "schema_migrations"."version" ASC[0m
  [1m[35m (1.9ms)[0m  [1m[34mSELECT sqlite_version(*)[0m
  [1m[36mUser Load (0.2ms)[0m  [1m[34mSELECT "users".* FROM "users" WHERE "users"."username" = ? LIMIT ?[0m  [["username", "wualvin"], ["LIMIT", 1]]
  [1m[36mPost Load (2.1ms)[0m  [1m[34mSELECT "posts".* FROM "posts" ORDER BY "posts"."id" DESC LIMIT ?[0m  [["LIMIT", 1]]
  [1m[35m (0.2ms)[0m  [1m[34mSELECT sqlite_version(*)[0m
  [1m[35m (0.1ms)[0m  [1m[34mSELECT "schema_migrations"."version" FROM "schema_migrations" ORDER BY "schema_migrations"."version" ASC[0m
  [1m[36mActiveRecord::InternalMetadata Load (0.2ms)[0m  [1m[34mSELECT "ar_internal_metadata".* FROM "ar_internal_metadata" WHERE "ar_internal_metadata"."key" = ? LIMIT ?[0m  [["key", "environment"], ["LIMIT", 1]]
  [1m[35m (0.0ms)[0m  [1m[34mSELECT sqlite_version(*)[0m
  [1m[35m (0.0ms)[0m  [1m[34mSELECT "schema_migrations"."version" FROM "schema_migrations" ORDER BY "schema_migrations"."version" ASC[0m
  [1m[35m (3.5ms)[0m  [1m[34mSELECT sqlite_version(*)[0m
  [1m[36mUser Load (0.3ms)[0m  [1m[34mSELECT "users".* FROM "users" WHERE "users"."username" = ? LIMIT ?[0m  [["username", "wualvin"], ["LIMIT", 1]]
  [1m[35m (0.4ms)[0m  [1m[34mSELECT sqlite_version(*)[0m
  [1m[35m (0.0ms)[0m  [1m[34mSELECT "schema_migrations"."version" FROM "schema_migrations" ORDER BY "schema_migrations"."version" ASC[0m
  [1m[36mActiveRecord::InternalMetadata Load (0.2ms)[0m  [1m[34mSELECT "ar_internal_metadata".* FROM "ar_internal_metadata" WHERE "ar_internal_metadata"."key" = ? LIMIT ?[0m  [["key", "environment"], ["LIMIT", 1]]
  [1m[35m (0.0ms)[0m  [1m[34mSELECT sqlite_version(*)[0m
  [1m[35m (0.0ms)[0m  [1m[34mSELECT "schema_migrations"."version" FROM "schema_migrations" ORDER BY "schema_migrations"."version" ASC[0m
  [1m[35m (1.7ms)[0m  [1m[34mSELECT sqlite_version(*)[0m
  [1m[36mTRANSACTION (0.0ms)[0m  [1m[36mbegin transaction[0m
  [1m[36mUser Create (1.1ms)[0m  [1m[32mINSERT INTO "users" ("created_at", "updated_at", "username", "email", "first_name", "last_name") VALUES (?, ?, ?, ?, ?, ?)[0m  [["created_at", "2024-10-02 19:56:52.378475"], ["updated_at", "2024-10-02 19:56:52.378475"], ["username", "wualvin"], ["email", "alvin@gmail.com"], ["first_name", "alvin"], ["last_name", "wu"]]
  [1m[36mTRANSACTION (0.7ms)[0m  [1m[36mcommit transaction[0m
  [1m[36mUser Load (0.4ms)[0m  [1m[34mSELECT "users".* FROM "users" WHERE "users"."username" = ? LIMIT ?[0m  [["username", "wualvin"], ["LIMIT", 1]]
Started GET "/" for ::1 at 2024-10-02 09:57:49 -1000
  [1m[35m (1.6ms)[0m  [1m[34mSELECT sqlite_version(*)[0m
  [1m[35m (0.1ms)[0m  [1m[34mSELECT "schema_migrations"."version" FROM "schema_migrations" ORDER BY "schema_migrations"."version" ASC[0m
Processing by StaticPagesController#index as HTML
  Rendering layout layouts/application.html.erb
  Rendering static_pages/index.html.erb within layouts/application
  [1m[36mPost Load (0.3ms)[0m  [1m[34mSELECT "posts".* FROM "posts"[0m
  ↳ app/views/static_pages/index.html.erb:3
  Rendered static_pages/index.html.erb within layouts/application (Duration: 2.0ms | Allocations: 1390)
  Rendered layout layouts/application.html.erb (Duration: 14.0ms | Allocations: 6456)
Completed 200 OK in 24ms (Views: 15.4ms | ActiveRecord: 0.3ms | Allocations: 11116)


  [1m[35m (0.3ms)[0m  [1m[34mSELECT sqlite_version(*)[0m
  [1m[35m (0.1ms)[0m  [1m[34mSELECT "schema_migrations"."version" FROM "schema_migrations" ORDER BY "schema_migrations"."version" ASC[0m
Migrating to AddUserIdToPosts (20241002195819)
  [1m[36mTRANSACTION (0.0ms)[0m  [1m[36mbegin transaction[0m
  [1m[35m (0.3ms)[0m  [1m[35mALTER TABLE "posts" ADD "user_id" integer[0m
  [1m[35m (0.0ms)[0m  [1m[35mPRAGMA foreign_keys[0m
  [1m[35m (0.0ms)[0m  [1m[35mPRAGMA defer_foreign_keys[0m
  [1m[35m (0.0ms)[0m  [1m[35mPRAGMA defer_foreign_keys = ON[0m
  [1m[35m (0.0ms)[0m  [1m[35mPRAGMA foreign_keys = OFF[0m
  [1m[35m (0.1ms)[0m  [1m[35mCREATE TEMPORARY TABLE "aposts" ("id" integer NOT NULL PRIMARY KEY, "created_at" datetime(6) NOT NULL, "updated_at" datetime(6) NOT NULL, "content" varchar DEFAULT NULL, "user_id" integer DEFAULT NULL)[0m
  [1m[35m (0.2ms)[0m  [1m[32mINSERT INTO "aposts" ("id","created_at","updated_at","content","user_id")
                     SELECT "id","created_at","updated_at","content","user_id" FROM "posts"[0m
  [1m[35m (0.1ms)[0m  [1m[35mDROP TABLE "posts"[0m
  [1m[35m (0.0ms)[0m  [1m[35mCREATE TABLE "posts" ("id" integer NOT NULL PRIMARY KEY, "created_at" datetime(6) NOT NULL, "updated_at" datetime(6) NOT NULL, "content" varchar DEFAULT NULL, "user_id" integer DEFAULT NULL, CONSTRAINT "fk_rails_5b5ddfd518"
FOREIGN KEY ("user_id")
  REFERENCES "users" ("id")
)[0m
  [1m[35m (0.0ms)[0m  [1m[32mINSERT INTO "posts" ("id","created_at","updated_at","content","user_id")
                     SELECT "id","created_at","updated_at","content","user_id" FROM "aposts"[0m
  [1m[35m (0.0ms)[0m  [1m[35mDROP TABLE "aposts"[0m
  [1m[35m (0.0ms)[0m  [1m[35mPRAGMA defer_foreign_keys = 0[0m
  [1m[35m (0.0ms)[0m  [1m[35mPRAGMA foreign_keys = 1[0m
  [1m[36mActiveRecord::SchemaMigration Create (0.0ms)[0m  [1m[32mINSERT INTO "schema_migrations" ("version") VALUES (?)[0m  [["version", "20241002195819"]]
  [1m[36mTRANSACTION (0.3ms)[0m  [1m[36mcommit transaction[0m
  [1m[36mActiveRecord::InternalMetadata Load (0.0ms)[0m  [1m[34mSELECT "ar_internal_metadata".* FROM "ar_internal_metadata" WHERE "ar_internal_metadata"."key" = ? LIMIT ?[0m  [["key", "environment"], ["LIMIT", 1]]
  [1m[35m (0.0ms)[0m  [1m[34mSELECT sqlite_version(*)[0m
  [1m[35m (0.0ms)[0m  [1m[34mSELECT "schema_migrations"."version" FROM "schema_migrations" ORDER BY "schema_migrations"."version" ASC[0m
  [1m[35m (1.8ms)[0m  [1m[34mSELECT sqlite_version(*)[0m
  [1m[36mUser Load (0.2ms)[0m  [1m[34mSELECT "users".* FROM "users" WHERE "users"."username" = ? LIMIT ?[0m  [["username", "wualvin"], ["LIMIT", 1]]
  [1m[36mTRANSACTION (0.1ms)[0m  [1m[36mbegin transaction[0m
  [1m[36mPost Create (0.4ms)[0m  [1m[32mINSERT INTO "posts" ("created_at", "updated_at", "content", "user_id") VALUES (?, ?, ?, ?)[0m  [["created_at", "2024-10-02 20:00:51.605149"], ["updated_at", "2024-10-02 20:00:51.605149"], ["content", "first post"], ["user_id", 1]]
  [1m[36mTRANSACTION (0.9ms)[0m  [1m[36mcommit transaction[0m
  [1m[36mPost Load (0.6ms)[0m  [1m[34mSELECT "posts".* FROM "posts" ORDER BY "posts"."id" DESC LIMIT ?[0m  [["LIMIT", 1]]
  [1m[36mPost Load (0.5ms)[0m  [1m[34mSELECT "posts".* FROM "posts" WHERE "posts"."user_id" = ?[0m  [["user_id", 1]]
Started GET "/" for ::1 at 2024-10-02 10:01:24 -1000
  [1m[35m (1.6ms)[0m  [1m[34mSELECT sqlite_version(*)[0m
  [1m[35m (0.0ms)[0m  [1m[34mSELECT "schema_migrations"."version" FROM "schema_migrations" ORDER BY "schema_migrations"."version" ASC[0m
Processing by StaticPagesController#index as HTML
  Rendering layout layouts/application.html.erb
  Rendering static_pages/index.html.erb within layouts/application
  [1m[36mPost Load (0.1ms)[0m  [1m[34mSELECT "posts".* FROM "posts"[0m
  ↳ app/views/static_pages/index.html.erb:3
  [1m[36mUser Load (0.0ms)[0m  [1m[34mSELECT "users".* FROM "users" WHERE "users"."id" = ? LIMIT ?[0m  [["id", 1], ["LIMIT", 1]]
  ↳ app/views/static_pages/index.html.erb:9
  Rendered static_pages/index.html.erb within layouts/application (Duration: 11.3ms | Allocations: 12214)
  Rendered layout layouts/application.html.erb (Duration: 20.0ms | Allocations: 17295)
Completed 200 OK in 32ms (Views: 23.9ms | ActiveRecord: 0.8ms | Allocations: 22011)


